{"D:\\Assignments\\Todo-App-2.0\\my-todo-list-app\\Backend\\src\\controllers\\todo.controllers.ts": {"path":"D:\\Assignments\\Todo-App-2.0\\my-todo-list-app\\Backend\\src\\controllers\\todo.controllers.ts","statementMap":{"0":{"start":{"line":2,"column":0},"end":{"line":2,"column":null}},"1":{"start":{"line":14,"column":26},"end":{"line":28,"column":2}},"2":{"start":{"line":15,"column":26},"end":{"line":15,"column":34}},"3":{"start":{"line":17,"column":2},"end":{"line":27,"column":3}},"4":{"start":{"line":18,"column":18},"end":{"line":18,"column":67}},"5":{"start":{"line":19,"column":20},"end":{"line":19,"column":69}},"6":{"start":{"line":20,"column":4},"end":{"line":20,"column":22}},"7":{"start":{"line":22,"column":4},"end":{"line":26,"column":5}},"8":{"start":{"line":23,"column":6},"end":{"line":23,"column":87}},"9":{"start":{"line":25,"column":6},"end":{"line":25,"column":null}},"10":{"start":{"line":14,"column":13},"end":{"line":14,"column":26}},"11":{"start":{"line":31,"column":23},"end":{"line":43,"column":2}},"12":{"start":{"line":32,"column":2},"end":{"line":42,"column":3}},"13":{"start":{"line":33,"column":18},"end":{"line":33,"column":67}},"14":{"start":{"line":34,"column":22},"end":{"line":34,"column":55}},"15":{"start":{"line":35,"column":4},"end":{"line":35,"column":27}},"16":{"start":{"line":37,"column":4},"end":{"line":41,"column":5}},"17":{"start":{"line":38,"column":6},"end":{"line":38,"column":65}},"18":{"start":{"line":40,"column":6},"end":{"line":40,"column":null}},"19":{"start":{"line":31,"column":13},"end":{"line":31,"column":23}},"20":{"start":{"line":46,"column":26},"end":{"line":60,"column":2}},"21":{"start":{"line":47,"column":17},"end":{"line":47,"column":44}},"22":{"start":{"line":49,"column":2},"end":{"line":59,"column":3}},"23":{"start":{"line":50,"column":18},"end":{"line":50,"column":69}},"24":{"start":{"line":51,"column":20},"end":{"line":51,"column":64}},"25":{"start":{"line":52,"column":4},"end":{"line":52,"column":22}},"26":{"start":{"line":54,"column":4},"end":{"line":58,"column":5}},"27":{"start":{"line":55,"column":6},"end":{"line":55,"column":65}},"28":{"start":{"line":57,"column":6},"end":{"line":57,"column":null}},"29":{"start":{"line":46,"column":13},"end":{"line":46,"column":26}},"30":{"start":{"line":63,"column":26},"end":{"line":78,"column":2}},"31":{"start":{"line":64,"column":17},"end":{"line":64,"column":40}},"32":{"start":{"line":65,"column":2},"end":{"line":65,"column":22}},"33":{"start":{"line":67,"column":2},"end":{"line":77,"column":3}},"34":{"start":{"line":68,"column":18},"end":{"line":68,"column":69}},"35":{"start":{"line":69,"column":20},"end":{"line":69,"column":64}},"36":{"start":{"line":70,"column":4},"end":{"line":70,"column":22}},"37":{"start":{"line":72,"column":4},"end":{"line":76,"column":5}},"38":{"start":{"line":73,"column":6},"end":{"line":73,"column":65}},"39":{"start":{"line":75,"column":6},"end":{"line":75,"column":null}},"40":{"start":{"line":63,"column":13},"end":{"line":63,"column":26}}},"fnMap":{"0":{"name":"(anonymous_7)","decl":{"start":{"line":14,"column":26},"end":{"line":14,"column":42}},"loc":{"start":{"line":14,"column":69},"end":{"line":28,"column":2}}},"1":{"name":"(anonymous_9)","decl":{"start":{"line":31,"column":23},"end":{"line":31,"column":39}},"loc":{"start":{"line":31,"column":66},"end":{"line":43,"column":2}}},"2":{"name":"(anonymous_11)","decl":{"start":{"line":46,"column":26},"end":{"line":46,"column":42}},"loc":{"start":{"line":46,"column":69},"end":{"line":60,"column":2}}},"3":{"name":"(anonymous_13)","decl":{"start":{"line":63,"column":26},"end":{"line":63,"column":42}},"loc":{"start":{"line":63,"column":69},"end":{"line":78,"column":2}}}},"branchMap":{"0":{"loc":{"start":{"line":22,"column":4},"end":{"line":26,"column":5}},"type":"if","locations":[{"start":{"line":22,"column":4},"end":{"line":26,"column":5}},{"start":{"line":24,"column":11},"end":{"line":26,"column":5}}]},"1":{"loc":{"start":{"line":23,"column":37},"end":{"line":23,"column":84}},"type":"binary-expr","locations":[{"start":{"line":23,"column":37},"end":{"line":23,"column":61}},{"start":{"line":23,"column":65},"end":{"line":23,"column":84}}]},"2":{"loc":{"start":{"line":37,"column":4},"end":{"line":41,"column":5}},"type":"if","locations":[{"start":{"line":37,"column":4},"end":{"line":41,"column":5}},{"start":{"line":39,"column":11},"end":{"line":41,"column":5}}]},"3":{"loc":{"start":{"line":54,"column":4},"end":{"line":58,"column":5}},"type":"if","locations":[{"start":{"line":54,"column":4},"end":{"line":58,"column":5}},{"start":{"line":56,"column":11},"end":{"line":58,"column":5}}]},"4":{"loc":{"start":{"line":72,"column":4},"end":{"line":76,"column":5}},"type":"if","locations":[{"start":{"line":72,"column":4},"end":{"line":76,"column":5}},{"start":{"line":74,"column":11},"end":{"line":76,"column":5}}]}},"s":{"0":1,"1":1,"2":2,"3":2,"4":2,"5":2,"6":1,"7":1,"8":1,"9":0,"10":1,"11":1,"12":2,"13":2,"14":2,"15":1,"16":1,"17":1,"18":0,"19":1,"20":1,"21":2,"22":2,"23":2,"24":2,"25":1,"26":1,"27":1,"28":0,"29":1,"30":1,"31":2,"32":2,"33":2,"34":2,"35":2,"36":1,"37":1,"38":1,"39":0,"40":1},"f":{"0":2,"1":2,"2":2,"3":2},"b":{"0":[1,0],"1":[1,0],"2":[1,0],"3":[1,0],"4":[1,0]}}
,"D:\\Assignments\\Todo-App-2.0\\my-todo-list-app\\Backend\\src\\controllers\\user.controllers.ts": {"path":"D:\\Assignments\\Todo-App-2.0\\my-todo-list-app\\Backend\\src\\controllers\\user.controllers.ts","statementMap":{"0":{"start":{"line":1,"column":0},"end":{"line":1,"column":53}},"1":{"start":{"line":2,"column":0},"end":{"line":2,"column":67}},"2":{"start":{"line":5,"column":12},"end":{"line":5,"column":21}},"3":{"start":{"line":6,"column":0},"end":{"line":6,"column":24}},"4":{"start":{"line":8,"column":32},"end":{"line":26,"column":2}},"5":{"start":{"line":9,"column":2},"end":{"line":25,"column":3}},"6":{"start":{"line":10,"column":45},"end":{"line":10,"column":53}},"7":{"start":{"line":11,"column":31},"end":{"line":11,"column":79}},"8":{"start":{"line":13,"column":4},"end":{"line":18,"column":7}},"9":{"start":{"line":20,"column":4},"end":{"line":24,"column":5}},"10":{"start":{"line":21,"column":6},"end":{"line":21,"column":65}},"11":{"start":{"line":23,"column":6},"end":{"line":23,"column":null}},"12":{"start":{"line":8,"column":13},"end":{"line":8,"column":32}},"13":{"start":{"line":28,"column":25},"end":{"line":45,"column":2}},"14":{"start":{"line":29,"column":2},"end":{"line":44,"column":3}},"15":{"start":{"line":30,"column":39},"end":{"line":30,"column":47}},"16":{"start":{"line":31,"column":32},"end":{"line":31,"column":71}},"17":{"start":{"line":32,"column":4},"end":{"line":37,"column":7}},"18":{"start":{"line":39,"column":4},"end":{"line":43,"column":5}},"19":{"start":{"line":40,"column":6},"end":{"line":40,"column":65}},"20":{"start":{"line":42,"column":6},"end":{"line":42,"column":null}},"21":{"start":{"line":28,"column":13},"end":{"line":28,"column":25}}},"fnMap":{"0":{"name":"(anonymous_8)","decl":{"start":{"line":8,"column":32},"end":{"line":8,"column":48}},"loc":{"start":{"line":8,"column":75},"end":{"line":26,"column":2}}},"1":{"name":"(anonymous_10)","decl":{"start":{"line":28,"column":25},"end":{"line":28,"column":41}},"loc":{"start":{"line":28,"column":68},"end":{"line":45,"column":2}}}},"branchMap":{"0":{"loc":{"start":{"line":20,"column":4},"end":{"line":24,"column":5}},"type":"if","locations":[{"start":{"line":20,"column":4},"end":{"line":24,"column":5}},{"start":{"line":22,"column":11},"end":{"line":24,"column":5}}]},"1":{"loc":{"start":{"line":39,"column":4},"end":{"line":43,"column":5}},"type":"if","locations":[{"start":{"line":39,"column":4},"end":{"line":43,"column":5}},{"start":{"line":41,"column":11},"end":{"line":43,"column":5}}]}},"s":{"0":1,"1":1,"2":1,"3":1,"4":1,"5":1,"6":1,"7":1,"8":1,"9":0,"10":0,"11":0,"12":1,"13":1,"14":1,"15":1,"16":1,"17":1,"18":0,"19":0,"20":0,"21":1},"f":{"0":1,"1":1},"b":{"0":[0,0],"1":[0,0]}}
,"D:\\Assignments\\Todo-App-2.0\\my-todo-list-app\\Backend\\src\\services\\todo.service.ts": {"path":"D:\\Assignments\\Todo-App-2.0\\my-todo-list-app\\Backend\\src\\services\\todo.service.ts","statementMap":{"0":{"start":{"line":1,"column":0},"end":{"line":1,"column":30}},"1":{"start":{"line":2,"column":0},"end":{"line":2,"column":54}},"2":{"start":{"line":3,"column":0},"end":{"line":3,"column":79}},"3":{"start":{"line":5,"column":15},"end":{"line":5,"column":33}},"4":{"start":{"line":6,"column":12},"end":{"line":6,"column":21}},"5":{"start":{"line":8,"column":0},"end":{"line":8,"column":24}},"6":{"start":{"line":11,"column":33},"end":{"line":24,"column":2}},"7":{"start":{"line":11,"column":79},"end":{"line":24,"column":2}},"8":{"start":{"line":12,"column":2},"end":{"line":23,"column":3}},"9":{"start":{"line":13,"column":20},"end":{"line":18,"column":6}},"10":{"start":{"line":19,"column":4},"end":{"line":19,"column":19}},"11":{"start":{"line":21,"column":4},"end":{"line":21,"column":23}},"12":{"start":{"line":22,"column":4},"end":{"line":22,"column":16}},"13":{"start":{"line":11,"column":13},"end":{"line":11,"column":33}},"14":{"start":{"line":28,"column":30},"end":{"line":45,"column":2}},"15":{"start":{"line":28,"column":55},"end":{"line":45,"column":2}},"16":{"start":{"line":29,"column":2},"end":{"line":44,"column":3}},"17":{"start":{"line":30,"column":18},"end":{"line":37,"column":6}},"18":{"start":{"line":38,"column":4},"end":{"line":38,"column":37}},"19":{"start":{"line":40,"column":4},"end":{"line":40,"column":17}},"20":{"start":{"line":42,"column":4},"end":{"line":42,"column":23}},"21":{"start":{"line":43,"column":4},"end":{"line":43,"column":45}},"22":{"start":{"line":28,"column":13},"end":{"line":28,"column":30}},"23":{"start":{"line":48,"column":33},"end":{"line":70,"column":2}},"24":{"start":{"line":48,"column":74},"end":{"line":70,"column":2}},"25":{"start":{"line":49,"column":2},"end":{"line":69,"column":3}},"26":{"start":{"line":50,"column":4},"end":{"line":58,"column":7}},"27":{"start":{"line":59,"column":4},"end":{"line":59,"column":34}},"28":{"start":{"line":61,"column":6},"end":{"line":67,"column":7}},"29":{"start":{"line":62,"column":8},"end":{"line":66,"column":9}},"30":{"start":{"line":63,"column":10},"end":{"line":63,"column":57}},"31":{"start":{"line":65,"column":10},"end":{"line":65,"column":null}},"32":{"start":{"line":68,"column":6},"end":{"line":68,"column":18}},"33":{"start":{"line":48,"column":13},"end":{"line":48,"column":33}},"34":{"start":{"line":73,"column":33},"end":{"line":91,"column":2}},"35":{"start":{"line":73,"column":74},"end":{"line":91,"column":2}},"36":{"start":{"line":74,"column":2},"end":{"line":90,"column":3}},"37":{"start":{"line":75,"column":4},"end":{"line":80,"column":7}},"38":{"start":{"line":81,"column":4},"end":{"line":81,"column":34}},"39":{"start":{"line":83,"column":4},"end":{"line":88,"column":5}},"40":{"start":{"line":84,"column":6},"end":{"line":87,"column":7}},"41":{"start":{"line":85,"column":8},"end":{"line":85,"column":56}},"42":{"start":{"line":86,"column":8},"end":{"line":86,"column":null}},"43":{"start":{"line":89,"column":4},"end":{"line":89,"column":16}},"44":{"start":{"line":73,"column":13},"end":{"line":73,"column":33}}},"fnMap":{"0":{"name":"(anonymous_8)","decl":{"start":{"line":11,"column":33},"end":{"line":11,"column":40}},"loc":{"start":{"line":11,"column":79},"end":{"line":24,"column":2}}},"1":{"name":"(anonymous_9)","decl":{"start":{"line":11,"column":79},"end":{"line":11,"column":null}},"loc":{"start":{"line":11,"column":79},"end":{"line":24,"column":1}}},"2":{"name":"(anonymous_10)","decl":{"start":{"line":28,"column":30},"end":{"line":28,"column":37}},"loc":{"start":{"line":28,"column":55},"end":{"line":45,"column":2}}},"3":{"name":"(anonymous_11)","decl":{"start":{"line":28,"column":55},"end":{"line":28,"column":null}},"loc":{"start":{"line":28,"column":55},"end":{"line":45,"column":1}}},"4":{"name":"(anonymous_12)","decl":{"start":{"line":48,"column":33},"end":{"line":48,"column":40}},"loc":{"start":{"line":48,"column":74},"end":{"line":70,"column":2}}},"5":{"name":"(anonymous_13)","decl":{"start":{"line":48,"column":74},"end":{"line":48,"column":null}},"loc":{"start":{"line":48,"column":74},"end":{"line":70,"column":1}}},"6":{"name":"(anonymous_14)","decl":{"start":{"line":73,"column":33},"end":{"line":73,"column":40}},"loc":{"start":{"line":73,"column":74},"end":{"line":91,"column":2}}},"7":{"name":"(anonymous_15)","decl":{"start":{"line":73,"column":74},"end":{"line":73,"column":null}},"loc":{"start":{"line":73,"column":74},"end":{"line":91,"column":1}}}},"branchMap":{"0":{"loc":{"start":{"line":61,"column":6},"end":{"line":67,"column":7}},"type":"if","locations":[{"start":{"line":61,"column":6},"end":{"line":67,"column":7}}]},"1":{"loc":{"start":{"line":62,"column":8},"end":{"line":66,"column":9}},"type":"if","locations":[{"start":{"line":62,"column":8},"end":{"line":66,"column":9}}]},"2":{"loc":{"start":{"line":83,"column":4},"end":{"line":88,"column":5}},"type":"if","locations":[{"start":{"line":83,"column":4},"end":{"line":88,"column":5}}]},"3":{"loc":{"start":{"line":84,"column":6},"end":{"line":87,"column":7}},"type":"if","locations":[{"start":{"line":84,"column":6},"end":{"line":87,"column":7}}]}},"s":{"0":2,"1":2,"2":2,"3":2,"4":2,"5":2,"6":2,"7":1,"8":1,"9":1,"10":1,"11":0,"12":0,"13":2,"14":2,"15":1,"16":1,"17":1,"18":1,"19":1,"20":0,"21":0,"22":2,"23":2,"24":2,"25":2,"26":2,"27":1,"28":1,"29":1,"30":0,"31":0,"32":1,"33":2,"34":2,"35":2,"36":2,"37":2,"38":1,"39":1,"40":1,"41":0,"42":0,"43":1,"44":2},"f":{"0":1,"1":1,"2":1,"3":1,"4":2,"5":2,"6":2,"7":2},"b":{"0":[1],"1":[0],"2":[1],"3":[0]}}
,"D:\\Assignments\\Todo-App-2.0\\my-todo-list-app\\Backend\\src\\services\\user.service.ts": {"path":"D:\\Assignments\\Todo-App-2.0\\my-todo-list-app\\Backend\\src\\services\\user.service.ts","statementMap":{"0":{"start":{"line":1,"column":0},"end":{"line":1,"column":46}},"1":{"start":{"line":3,"column":15},"end":{"line":3,"column":33}},"2":{"start":{"line":4,"column":12},"end":{"line":4,"column":35}},"3":{"start":{"line":5,"column":15},"end":{"line":5,"column":34}},"4":{"start":{"line":7,"column":29},"end":{"line":16,"column":1}},"5":{"start":{"line":8,"column":21},"end":{"line":8,"column":47}},"6":{"start":{"line":9,"column":13},"end":{"line":12,"column":4}},"7":{"start":{"line":14,"column":16},"end":{"line":14,"column":44}},"8":{"start":{"line":15,"column":2},"end":{"line":15,"column":15}},"9":{"start":{"line":7,"column":13},"end":{"line":7,"column":29}},"10":{"start":{"line":18,"column":28},"end":{"line":44,"column":2}},"11":{"start":{"line":19,"column":15},"end":{"line":19,"column":39}},"12":{"start":{"line":20,"column":23},"end":{"line":20,"column":56}},"13":{"start":{"line":22,"column":20},"end":{"line":24,"column":4}},"14":{"start":{"line":26,"column":2},"end":{"line":28,"column":3}},"15":{"start":{"line":27,"column":4},"end":{"line":27,"column":52}},"16":{"start":{"line":30,"column":2},"end":{"line":32,"column":3}},"17":{"start":{"line":31,"column":4},"end":{"line":31,"column":72}},"18":{"start":{"line":33,"column":18},"end":{"line":39,"column":4}},"19":{"start":{"line":41,"column":16},"end":{"line":41,"column":45}},"20":{"start":{"line":43,"column":2},"end":{"line":43,"column":28}},"21":{"start":{"line":18,"column":13},"end":{"line":18,"column":28}},"22":{"start":{"line":46,"column":25},"end":{"line":68,"column":2}},"23":{"start":{"line":47,"column":2},"end":{"line":49,"column":3}},"24":{"start":{"line":48,"column":4},"end":{"line":48,"column":48}},"25":{"start":{"line":51,"column":20},"end":{"line":53,"column":4}},"26":{"start":{"line":54,"column":2},"end":{"line":56,"column":3}},"27":{"start":{"line":55,"column":4},"end":{"line":55,"column":41}},"28":{"start":{"line":58,"column":28},"end":{"line":60,"column":null}},"29":{"start":{"line":62,"column":2},"end":{"line":64,"column":3}},"30":{"start":{"line":63,"column":4},"end":{"line":63,"column":46}},"31":{"start":{"line":66,"column":16},"end":{"line":66,"column":47}},"32":{"start":{"line":67,"column":2},"end":{"line":67,"column":61}},"33":{"start":{"line":46,"column":13},"end":{"line":46,"column":25}}},"fnMap":{"0":{"name":"(anonymous_7)","decl":{"start":{"line":7,"column":29},"end":{"line":7,"column":39}},"loc":{"start":{"line":7,"column":53},"end":{"line":16,"column":1}}},"1":{"name":"(anonymous_8)","decl":{"start":{"line":18,"column":28},"end":{"line":18,"column":44}},"loc":{"start":{"line":18,"column":96},"end":{"line":44,"column":2}}},"2":{"name":"(anonymous_10)","decl":{"start":{"line":46,"column":25},"end":{"line":46,"column":41}},"loc":{"start":{"line":46,"column":79},"end":{"line":68,"column":2}}}},"branchMap":{"0":{"loc":{"start":{"line":26,"column":2},"end":{"line":28,"column":3}},"type":"if","locations":[{"start":{"line":26,"column":2},"end":{"line":28,"column":3}}]},"1":{"loc":{"start":{"line":26,"column":6},"end":{"line":26,"column":41}},"type":"binary-expr","locations":[{"start":{"line":26,"column":6},"end":{"line":26,"column":11}},{"start":{"line":26,"column":15},"end":{"line":26,"column":28}},{"start":{"line":26,"column":32},"end":{"line":26,"column":41}}]},"2":{"loc":{"start":{"line":30,"column":2},"end":{"line":32,"column":3}},"type":"if","locations":[{"start":{"line":30,"column":2},"end":{"line":32,"column":3}}]},"3":{"loc":{"start":{"line":47,"column":2},"end":{"line":49,"column":3}},"type":"if","locations":[{"start":{"line":47,"column":2},"end":{"line":49,"column":3}}]},"4":{"loc":{"start":{"line":47,"column":6},"end":{"line":47,"column":32}},"type":"binary-expr","locations":[{"start":{"line":47,"column":6},"end":{"line":47,"column":19}},{"start":{"line":47,"column":23},"end":{"line":47,"column":32}}]},"5":{"loc":{"start":{"line":54,"column":2},"end":{"line":56,"column":3}},"type":"if","locations":[{"start":{"line":54,"column":2},"end":{"line":56,"column":3}}]},"6":{"loc":{"start":{"line":62,"column":2},"end":{"line":64,"column":3}},"type":"if","locations":[{"start":{"line":62,"column":2},"end":{"line":64,"column":3}}]}},"s":{"0":2,"1":2,"2":2,"3":2,"4":2,"5":1,"6":1,"7":1,"8":1,"9":2,"10":2,"11":1,"12":1,"13":1,"14":1,"15":0,"16":1,"17":0,"18":1,"19":1,"20":1,"21":2,"22":2,"23":1,"24":0,"25":1,"26":1,"27":0,"28":1,"29":1,"30":0,"31":1,"32":1,"33":2},"f":{"0":1,"1":1,"2":1},"b":{"0":[0],"1":[1,1,1],"2":[0],"3":[0],"4":[1,1],"5":[0],"6":[0]}}
}
