{"D:\\Assignments\\Todo-App-2.0\\my-todo-list-app\\Backend\\src\\controllers\\todo.controllers.ts": {"path":"D:\\Assignments\\Todo-App-2.0\\my-todo-list-app\\Backend\\src\\controllers\\todo.controllers.ts","statementMap":{"0":{"start":{"line":2,"column":0},"end":{"line":2,"column":null}},"1":{"start":{"line":14,"column":26},"end":{"line":28,"column":2}},"2":{"start":{"line":15,"column":26},"end":{"line":15,"column":34}},"3":{"start":{"line":17,"column":2},"end":{"line":27,"column":3}},"4":{"start":{"line":18,"column":18},"end":{"line":18,"column":67}},"5":{"start":{"line":19,"column":20},"end":{"line":19,"column":69}},"6":{"start":{"line":20,"column":4},"end":{"line":20,"column":22}},"7":{"start":{"line":22,"column":4},"end":{"line":26,"column":5}},"8":{"start":{"line":23,"column":6},"end":{"line":23,"column":87}},"9":{"start":{"line":25,"column":6},"end":{"line":25,"column":null}},"10":{"start":{"line":14,"column":13},"end":{"line":14,"column":26}},"11":{"start":{"line":31,"column":23},"end":{"line":43,"column":2}},"12":{"start":{"line":32,"column":2},"end":{"line":42,"column":3}},"13":{"start":{"line":33,"column":18},"end":{"line":33,"column":67}},"14":{"start":{"line":34,"column":22},"end":{"line":34,"column":55}},"15":{"start":{"line":35,"column":4},"end":{"line":35,"column":27}},"16":{"start":{"line":37,"column":4},"end":{"line":41,"column":5}},"17":{"start":{"line":38,"column":6},"end":{"line":38,"column":65}},"18":{"start":{"line":40,"column":6},"end":{"line":40,"column":null}},"19":{"start":{"line":31,"column":13},"end":{"line":31,"column":23}},"20":{"start":{"line":46,"column":26},"end":{"line":60,"column":2}},"21":{"start":{"line":47,"column":17},"end":{"line":47,"column":44}},"22":{"start":{"line":49,"column":2},"end":{"line":59,"column":3}},"23":{"start":{"line":50,"column":18},"end":{"line":50,"column":69}},"24":{"start":{"line":51,"column":20},"end":{"line":51,"column":64}},"25":{"start":{"line":52,"column":4},"end":{"line":52,"column":22}},"26":{"start":{"line":54,"column":4},"end":{"line":58,"column":5}},"27":{"start":{"line":55,"column":6},"end":{"line":55,"column":65}},"28":{"start":{"line":57,"column":6},"end":{"line":57,"column":null}},"29":{"start":{"line":46,"column":13},"end":{"line":46,"column":26}},"30":{"start":{"line":63,"column":26},"end":{"line":78,"column":2}},"31":{"start":{"line":64,"column":17},"end":{"line":64,"column":40}},"32":{"start":{"line":65,"column":2},"end":{"line":65,"column":22}},"33":{"start":{"line":67,"column":2},"end":{"line":77,"column":3}},"34":{"start":{"line":68,"column":18},"end":{"line":68,"column":69}},"35":{"start":{"line":69,"column":20},"end":{"line":69,"column":64}},"36":{"start":{"line":70,"column":4},"end":{"line":70,"column":22}},"37":{"start":{"line":72,"column":4},"end":{"line":76,"column":5}},"38":{"start":{"line":73,"column":6},"end":{"line":73,"column":65}},"39":{"start":{"line":75,"column":6},"end":{"line":75,"column":null}},"40":{"start":{"line":63,"column":13},"end":{"line":63,"column":26}}},"fnMap":{"0":{"name":"(anonymous_7)","decl":{"start":{"line":14,"column":26},"end":{"line":14,"column":42}},"loc":{"start":{"line":14,"column":69},"end":{"line":28,"column":2}}},"1":{"name":"(anonymous_9)","decl":{"start":{"line":31,"column":23},"end":{"line":31,"column":39}},"loc":{"start":{"line":31,"column":66},"end":{"line":43,"column":2}}},"2":{"name":"(anonymous_11)","decl":{"start":{"line":46,"column":26},"end":{"line":46,"column":42}},"loc":{"start":{"line":46,"column":69},"end":{"line":60,"column":2}}},"3":{"name":"(anonymous_13)","decl":{"start":{"line":63,"column":26},"end":{"line":63,"column":42}},"loc":{"start":{"line":63,"column":69},"end":{"line":78,"column":2}}}},"branchMap":{"0":{"loc":{"start":{"line":22,"column":4},"end":{"line":26,"column":5}},"type":"if","locations":[{"start":{"line":22,"column":4},"end":{"line":26,"column":5}},{"start":{"line":24,"column":11},"end":{"line":26,"column":5}}]},"1":{"loc":{"start":{"line":23,"column":37},"end":{"line":23,"column":84}},"type":"binary-expr","locations":[{"start":{"line":23,"column":37},"end":{"line":23,"column":61}},{"start":{"line":23,"column":65},"end":{"line":23,"column":84}}]},"2":{"loc":{"start":{"line":37,"column":4},"end":{"line":41,"column":5}},"type":"if","locations":[{"start":{"line":37,"column":4},"end":{"line":41,"column":5}},{"start":{"line":39,"column":11},"end":{"line":41,"column":5}}]},"3":{"loc":{"start":{"line":54,"column":4},"end":{"line":58,"column":5}},"type":"if","locations":[{"start":{"line":54,"column":4},"end":{"line":58,"column":5}},{"start":{"line":56,"column":11},"end":{"line":58,"column":5}}]},"4":{"loc":{"start":{"line":72,"column":4},"end":{"line":76,"column":5}},"type":"if","locations":[{"start":{"line":72,"column":4},"end":{"line":76,"column":5}},{"start":{"line":74,"column":11},"end":{"line":76,"column":5}}]}},"s":{"0":1,"1":1,"2":2,"3":2,"4":2,"5":2,"6":1,"7":1,"8":1,"9":0,"10":1,"11":1,"12":2,"13":2,"14":2,"15":1,"16":1,"17":1,"18":0,"19":1,"20":1,"21":2,"22":2,"23":2,"24":2,"25":1,"26":1,"27":1,"28":0,"29":1,"30":1,"31":2,"32":2,"33":2,"34":2,"35":2,"36":1,"37":1,"38":1,"39":0,"40":1},"f":{"0":2,"1":2,"2":2,"3":2},"b":{"0":[1,0],"1":[1,0],"2":[1,0],"3":[1,0],"4":[1,0]}}
,"D:\\Assignments\\Todo-App-2.0\\my-todo-list-app\\Backend\\src\\controllers\\user.controllers.ts": {"path":"D:\\Assignments\\Todo-App-2.0\\my-todo-list-app\\Backend\\src\\controllers\\user.controllers.ts","statementMap":{"0":{"start":{"line":1,"column":0},"end":{"line":1,"column":53}},"1":{"start":{"line":2,"column":0},"end":{"line":2,"column":67}},"2":{"start":{"line":5,"column":12},"end":{"line":5,"column":21}},"3":{"start":{"line":6,"column":0},"end":{"line":6,"column":24}},"4":{"start":{"line":8,"column":32},"end":{"line":26,"column":2}},"5":{"start":{"line":9,"column":2},"end":{"line":25,"column":3}},"6":{"start":{"line":10,"column":45},"end":{"line":10,"column":53}},"7":{"start":{"line":11,"column":31},"end":{"line":11,"column":79}},"8":{"start":{"line":13,"column":4},"end":{"line":18,"column":7}},"9":{"start":{"line":20,"column":4},"end":{"line":24,"column":5}},"10":{"start":{"line":21,"column":6},"end":{"line":21,"column":65}},"11":{"start":{"line":23,"column":6},"end":{"line":23,"column":null}},"12":{"start":{"line":8,"column":13},"end":{"line":8,"column":32}},"13":{"start":{"line":28,"column":25},"end":{"line":45,"column":2}},"14":{"start":{"line":29,"column":2},"end":{"line":44,"column":3}},"15":{"start":{"line":30,"column":39},"end":{"line":30,"column":47}},"16":{"start":{"line":31,"column":32},"end":{"line":31,"column":71}},"17":{"start":{"line":32,"column":4},"end":{"line":37,"column":7}},"18":{"start":{"line":39,"column":4},"end":{"line":43,"column":5}},"19":{"start":{"line":40,"column":6},"end":{"line":40,"column":65}},"20":{"start":{"line":42,"column":6},"end":{"line":42,"column":null}},"21":{"start":{"line":28,"column":13},"end":{"line":28,"column":25}}},"fnMap":{"0":{"name":"(anonymous_8)","decl":{"start":{"line":8,"column":32},"end":{"line":8,"column":48}},"loc":{"start":{"line":8,"column":75},"end":{"line":26,"column":2}}},"1":{"name":"(anonymous_10)","decl":{"start":{"line":28,"column":25},"end":{"line":28,"column":41}},"loc":{"start":{"line":28,"column":68},"end":{"line":45,"column":2}}}},"branchMap":{"0":{"loc":{"start":{"line":20,"column":4},"end":{"line":24,"column":5}},"type":"if","locations":[{"start":{"line":20,"column":4},"end":{"line":24,"column":5}},{"start":{"line":22,"column":11},"end":{"line":24,"column":5}}]},"1":{"loc":{"start":{"line":39,"column":4},"end":{"line":43,"column":5}},"type":"if","locations":[{"start":{"line":39,"column":4},"end":{"line":43,"column":5}},{"start":{"line":41,"column":11},"end":{"line":43,"column":5}}]}},"s":{"0":1,"1":1,"2":1,"3":1,"4":1,"5":1,"6":1,"7":1,"8":1,"9":0,"10":0,"11":0,"12":1,"13":1,"14":1,"15":1,"16":1,"17":1,"18":0,"19":0,"20":0,"21":1},"f":{"0":1,"1":1},"b":{"0":[0,0],"1":[0,0]}}
}
