TN:
SF:src\controllers\todo.controllers.ts
FN:14,(anonymous_7)
FN:31,(anonymous_9)
FN:46,(anonymous_11)
FN:63,(anonymous_13)
FNF:4
FNH:4
FNDA:2,(anonymous_7)
FNDA:2,(anonymous_9)
FNDA:2,(anonymous_11)
FNDA:2,(anonymous_13)
DA:2,1
DA:14,1
DA:15,2
DA:17,2
DA:18,2
DA:19,2
DA:20,1
DA:22,1
DA:23,1
DA:25,0
DA:31,1
DA:32,2
DA:33,2
DA:34,2
DA:35,1
DA:37,1
DA:38,1
DA:40,0
DA:46,1
DA:47,2
DA:49,2
DA:50,2
DA:51,2
DA:52,1
DA:54,1
DA:55,1
DA:57,0
DA:63,1
DA:64,2
DA:65,2
DA:67,2
DA:68,2
DA:69,2
DA:70,1
DA:72,1
DA:73,1
DA:75,0
LF:37
LH:33
BRDA:22,0,0,1
BRDA:22,0,1,0
BRDA:23,1,0,1
BRDA:23,1,1,0
BRDA:37,2,0,1
BRDA:37,2,1,0
BRDA:54,3,0,1
BRDA:54,3,1,0
BRDA:72,4,0,1
BRDA:72,4,1,0
BRF:10
BRH:5
end_of_record
TN:
SF:src\controllers\user.controllers.ts
FN:8,(anonymous_8)
FN:28,(anonymous_10)
FNF:2
FNH:2
FNDA:1,(anonymous_8)
FNDA:1,(anonymous_10)
DA:1,1
DA:2,1
DA:5,1
DA:6,1
DA:8,1
DA:9,1
DA:10,1
DA:11,1
DA:13,1
DA:20,0
DA:21,0
DA:23,0
DA:28,1
DA:29,1
DA:30,1
DA:31,1
DA:32,1
DA:39,0
DA:40,0
DA:42,0
LF:20
LH:14
BRDA:20,0,0,0
BRDA:20,0,1,0
BRDA:39,1,0,0
BRDA:39,1,1,0
BRF:4
BRH:0
end_of_record
TN:
SF:src\services\todo.service.ts
FN:11,(anonymous_8)
FN:11,(anonymous_9)
FN:28,(anonymous_10)
FN:28,(anonymous_11)
FN:48,(anonymous_12)
FN:48,(anonymous_13)
FN:73,(anonymous_14)
FN:73,(anonymous_15)
FNF:8
FNH:8
FNDA:1,(anonymous_8)
FNDA:1,(anonymous_9)
FNDA:1,(anonymous_10)
FNDA:1,(anonymous_11)
FNDA:2,(anonymous_12)
FNDA:2,(anonymous_13)
FNDA:2,(anonymous_14)
FNDA:2,(anonymous_15)
DA:1,2
DA:2,2
DA:3,2
DA:5,2
DA:6,2
DA:8,2
DA:11,2
DA:12,1
DA:13,1
DA:19,1
DA:21,0
DA:22,0
DA:28,2
DA:29,1
DA:30,1
DA:38,1
DA:40,1
DA:42,0
DA:43,0
DA:48,2
DA:49,2
DA:50,2
DA:59,1
DA:61,1
DA:62,1
DA:63,0
DA:65,0
DA:68,1
DA:73,2
DA:74,2
DA:75,2
DA:81,1
DA:83,1
DA:84,1
DA:85,0
DA:86,0
DA:89,1
LF:37
LH:29
BRDA:61,0,0,1
BRDA:62,1,0,0
BRDA:83,2,0,1
BRDA:84,3,0,0
BRF:4
BRH:2
end_of_record
TN:
SF:src\services\user.service.ts
FN:7,(anonymous_7)
FN:18,(anonymous_8)
FN:46,(anonymous_10)
FNF:3
FNH:3
FNDA:1,(anonymous_7)
FNDA:1,(anonymous_8)
FNDA:1,(anonymous_10)
DA:1,2
DA:3,2
DA:4,2
DA:5,2
DA:7,2
DA:8,1
DA:9,1
DA:14,1
DA:15,1
DA:18,2
DA:19,1
DA:20,1
DA:22,1
DA:26,1
DA:27,0
DA:30,1
DA:31,0
DA:33,1
DA:41,1
DA:43,1
DA:46,2
DA:47,1
DA:48,0
DA:51,1
DA:54,1
DA:55,0
DA:58,1
DA:62,1
DA:63,0
DA:66,1
DA:67,1
LF:31
LH:26
BRDA:26,0,0,0
BRDA:26,1,0,1
BRDA:26,1,1,1
BRDA:26,1,2,1
BRDA:30,2,0,0
BRDA:47,3,0,0
BRDA:47,4,0,1
BRDA:47,4,1,1
BRDA:54,5,0,0
BRDA:62,6,0,0
BRF:10
BRH:5
end_of_record
