TN:
SF:src\controllers\todo.controllers.ts
FN:14,(anonymous_7)
FN:31,(anonymous_9)
FN:46,(anonymous_11)
FN:63,(anonymous_13)
FNF:4
FNH:4
FNDA:2,(anonymous_7)
FNDA:2,(anonymous_9)
FNDA:2,(anonymous_11)
FNDA:2,(anonymous_13)
DA:2,1
DA:14,1
DA:15,2
DA:17,2
DA:18,2
DA:19,2
DA:20,1
DA:22,1
DA:23,1
DA:25,0
DA:31,1
DA:32,2
DA:33,2
DA:34,2
DA:35,1
DA:37,1
DA:38,1
DA:40,0
DA:46,1
DA:47,2
DA:49,2
DA:50,2
DA:51,2
DA:52,1
DA:54,1
DA:55,1
DA:57,0
DA:63,1
DA:64,2
DA:65,2
DA:67,2
DA:68,2
DA:69,2
DA:70,1
DA:72,1
DA:73,1
DA:75,0
LF:37
LH:33
BRDA:22,0,0,1
BRDA:22,0,1,0
BRDA:23,1,0,1
BRDA:23,1,1,0
BRDA:37,2,0,1
BRDA:37,2,1,0
BRDA:54,3,0,1
BRDA:54,3,1,0
BRDA:72,4,0,1
BRDA:72,4,1,0
BRF:10
BRH:5
end_of_record
TN:
SF:src\controllers\user.controllers.ts
FN:9,(anonymous_8)
FN:29,(anonymous_10)
FNF:2
FNH:2
FNDA:1,(anonymous_8)
FNDA:1,(anonymous_10)
DA:1,1
DA:3,1
DA:6,1
DA:7,1
DA:9,1
DA:10,1
DA:11,1
DA:12,1
DA:14,1
DA:21,0
DA:22,0
DA:24,0
DA:29,1
DA:30,1
DA:31,1
DA:32,1
DA:33,1
DA:40,0
DA:41,0
DA:43,0
LF:20
LH:14
BRDA:21,0,0,0
BRDA:21,0,1,0
BRDA:40,1,0,0
BRDA:40,1,1,0
BRF:4
BRH:0
end_of_record
